<?xml version="1.0" encoding="UTF-8"?>
<testng-results ignored="0" total="1" passed="1" failed="0" skipped="0">
  <reporter-output>
    <line>
      <![CDATA[Create Customer]]>
    </line>
  </reporter-output>
  <suite started-at="2023-06-12T06:10:17Z" name="Default suite" finished-at="2023-06-12T06:10:41Z" duration-ms="24782">
    <groups>
    </groups>
    <test started-at="2023-06-12T06:10:17Z" name="Default test" finished-at="2023-06-12T06:10:41Z" duration-ms="24782">
      <class name="com.actitime.customermodule.CustomerModule">
        <test-method signature="createCustomer()[pri:0, instance:com.actitime.customermodule.CustomerModule@8f2ef19]" started-at="2023-06-12T06:10:17Z" name="createCustomer" finished-at="2023-06-12T06:10:41Z" duration-ms="24753" status="PASS">
          <reporter-output>
            <line>
              <![CDATA[Create Customer]]>
            </line>
          </reporter-output>
        </test-method> <!-- createCustomer -->
      </class> <!-- com.actitime.customermodule.CustomerModule -->
    </test> <!-- Default test -->
  </suite> <!-- Default suite -->
</testng-results>
